
Compiling cpp/task-1...
========================================
Running cpp/task-1...
3 2
4 4
9 10
3 7

2
========================================
Running cpp/task-1...
3 4
4 2
3 4
2 3

4
5.5
========================================
Running cpp/task-1...
3 9
4 2
3 4
2 3

4
7
9
========================================
Running cpp/task-1...
3 3
4 3
2 2
1 1

4
========================================
Running cpp/task-1...
3 3
3 1
2 2
1 3

3
5
========================================
Running cpp/task-1...
2 3
3 3
100 200

3
========================================
Running cpp/task-1...
2 3
100 900
3 100

0.333333
========================================
Compiling cpp/task-2...
========================================
Running cpp/task-2...
========================================
Running cpp/task-2...
========================================
Running cpp/task-2...
========================================
Running cpp/task-2...
========================================
Compiling cpp/task-3...
========================================
Running cpp/task-3...
========================================
Running cpp/task-3...
========================================
Running cpp/task-3...
========================================
Running cpp/task-3...
========================================
